mode: set
github.com/chris-pikul/kismet-zero/lang/evolution/base_engine.go:17.55,20.2 2 1
github.com/chris-pikul/kismet-zero/lang/evolution/base_engine.go:23.43,25.2 1 1
github.com/chris-pikul/kismet-zero/lang/evolution/base_engine.go:28.51,30.2 1 1
github.com/chris-pikul/kismet-zero/lang/evolution/base_engine.go:33.39,35.2 1 1
github.com/chris-pikul/kismet-zero/lang/evolution/base_engine.go:38.50,40.2 1 1
github.com/chris-pikul/kismet-zero/lang/evolution/base_engine.go:43.50,45.2 1 1
github.com/chris-pikul/kismet-zero/lang/evolution/base_engine.go:48.42,50.2 1 1
github.com/chris-pikul/kismet-zero/lang/evolution/base_engine.go:53.46,55.2 1 1
github.com/chris-pikul/kismet-zero/lang/evolution/contact.go:34.39,35.33 1 1
github.com/chris-pikul/kismet-zero/lang/evolution/contact.go:35.33,37.3 1 1
github.com/chris-pikul/kismet-zero/lang/evolution/contact.go:38.2,38.28 1 1
github.com/chris-pikul/kismet-zero/lang/evolution/contact.go:61.41,62.36 1 1
github.com/chris-pikul/kismet-zero/lang/evolution/contact.go:62.36,64.3 1 0
github.com/chris-pikul/kismet-zero/lang/evolution/contact.go:65.2,65.30 1 1
github.com/chris-pikul/kismet-zero/lang/evolution/contact.go:74.80,78.2 1 1
github.com/chris-pikul/kismet-zero/lang/evolution/contact.go:89.45,90.29 1 1
github.com/chris-pikul/kismet-zero/lang/evolution/contact.go:90.29,92.3 1 0
github.com/chris-pikul/kismet-zero/lang/evolution/contact.go:95.2,109.53 3 1
github.com/chris-pikul/kismet-zero/lang/evolution/contact.go:109.53,115.17 3 1
github.com/chris-pikul/kismet-zero/lang/evolution/contact.go:115.17,117.4 1 0
github.com/chris-pikul/kismet-zero/lang/evolution/contact.go:119.3,119.20 1 1
github.com/chris-pikul/kismet-zero/lang/evolution/contact.go:119.20,123.23 2 1
github.com/chris-pikul/kismet-zero/lang/evolution/contact.go:124.27,125.41 1 0
github.com/chris-pikul/kismet-zero/lang/evolution/contact.go:126.30,127.46 1 0
github.com/chris-pikul/kismet-zero/lang/evolution/contact.go:128.33,129.45 1 0
github.com/chris-pikul/kismet-zero/lang/evolution/contact.go:130.32,131.46 1 0
github.com/chris-pikul/kismet-zero/lang/evolution/contact.go:136.3,136.22 1 1
github.com/chris-pikul/kismet-zero/lang/evolution/contact.go:136.22,138.39 2 0
github.com/chris-pikul/kismet-zero/lang/evolution/contact.go:138.39,140.36 2 0
github.com/chris-pikul/kismet-zero/lang/evolution/contact.go:140.36,142.6 1 0
github.com/chris-pikul/kismet-zero/lang/evolution/contact.go:147.2,147.35 1 1
github.com/chris-pikul/kismet-zero/lang/evolution/contact.go:151.121,163.2 2 1
github.com/chris-pikul/kismet-zero/lang/evolution/contact.go:171.22,178.32 3 0
github.com/chris-pikul/kismet-zero/lang/evolution/contact.go:178.32,179.35 1 0
github.com/chris-pikul/kismet-zero/lang/evolution/contact.go:179.35,193.4 2 0
github.com/chris-pikul/kismet-zero/lang/evolution/contact.go:196.2,196.16 1 0
github.com/chris-pikul/kismet-zero/lang/evolution/contact.go:204.22,209.40 2 1
github.com/chris-pikul/kismet-zero/lang/evolution/contact.go:209.40,223.3 2 1
github.com/chris-pikul/kismet-zero/lang/evolution/contact.go:225.2,225.16 1 1
github.com/chris-pikul/kismet-zero/lang/evolution/contact.go:233.22,238.44 2 1
github.com/chris-pikul/kismet-zero/lang/evolution/contact.go:238.44,252.3 2 0
github.com/chris-pikul/kismet-zero/lang/evolution/contact.go:254.2,254.16 1 1
github.com/chris-pikul/kismet-zero/lang/evolution/contact.go:263.11,268.21 2 1
github.com/chris-pikul/kismet-zero/lang/evolution/contact.go:269.27,270.22 1 1
github.com/chris-pikul/kismet-zero/lang/evolution/contact.go:271.28,272.22 1 1
github.com/chris-pikul/kismet-zero/lang/evolution/contact.go:273.24,274.22 1 1
github.com/chris-pikul/kismet-zero/lang/evolution/contact.go:275.27,276.22 1 1
github.com/chris-pikul/kismet-zero/lang/evolution/contact.go:277.28,278.22 1 0
github.com/chris-pikul/kismet-zero/lang/evolution/contact.go:279.30,280.22 1 0
github.com/chris-pikul/kismet-zero/lang/evolution/contact.go:284.2,285.26 2 1
github.com/chris-pikul/kismet-zero/lang/evolution/contact.go:285.26,287.3 1 1
github.com/chris-pikul/kismet-zero/lang/evolution/contact.go:290.2,292.84 2 1
github.com/chris-pikul/kismet-zero/lang/evolution/contact.go:301.22,306.44 2 1
github.com/chris-pikul/kismet-zero/lang/evolution/contact.go:306.44,320.3 2 0
github.com/chris-pikul/kismet-zero/lang/evolution/contact.go:322.2,322.16 1 1
github.com/chris-pikul/kismet-zero/lang/evolution/cultural_influence.go:42.48,43.38 1 1
github.com/chris-pikul/kismet-zero/lang/evolution/cultural_influence.go:43.38,45.3 1 1
github.com/chris-pikul/kismet-zero/lang/evolution/cultural_influence.go:46.2,46.37 1 1
github.com/chris-pikul/kismet-zero/lang/evolution/cultural_influence.go:125.82,129.2 1 1
github.com/chris-pikul/kismet-zero/lang/evolution/cultural_influence.go:139.48,167.58 6 1
github.com/chris-pikul/kismet-zero/lang/evolution/cultural_influence.go:167.58,169.81 1 1
github.com/chris-pikul/kismet-zero/lang/evolution/cultural_influence.go:169.81,173.4 3 0
github.com/chris-pikul/kismet-zero/lang/evolution/cultural_influence.go:176.3,176.77 1 1
github.com/chris-pikul/kismet-zero/lang/evolution/cultural_influence.go:176.77,180.4 3 1
github.com/chris-pikul/kismet-zero/lang/evolution/cultural_influence.go:183.3,183.82 1 1
github.com/chris-pikul/kismet-zero/lang/evolution/cultural_influence.go:183.82,187.4 3 0
github.com/chris-pikul/kismet-zero/lang/evolution/cultural_influence.go:190.3,190.81 1 1
github.com/chris-pikul/kismet-zero/lang/evolution/cultural_influence.go:190.81,194.4 3 0
github.com/chris-pikul/kismet-zero/lang/evolution/cultural_influence.go:197.3,197.85 1 1
github.com/chris-pikul/kismet-zero/lang/evolution/cultural_influence.go:197.85,199.4 1 1
github.com/chris-pikul/kismet-zero/lang/evolution/cultural_influence.go:201.3,201.89 1 1
github.com/chris-pikul/kismet-zero/lang/evolution/cultural_influence.go:201.89,203.4 1 1
github.com/chris-pikul/kismet-zero/lang/evolution/cultural_influence.go:205.3,205.48 1 1
github.com/chris-pikul/kismet-zero/lang/evolution/cultural_influence.go:205.48,207.4 1 1
github.com/chris-pikul/kismet-zero/lang/evolution/cultural_influence.go:211.2,217.32 6 1
github.com/chris-pikul/kismet-zero/lang/evolution/cultural_influence.go:226.25,264.2 11 1
github.com/chris-pikul/kismet-zero/lang/evolution/cultural_influence.go:271.11,275.21 2 1
github.com/chris-pikul/kismet-zero/lang/evolution/cultural_influence.go:276.35,277.22 1 1
github.com/chris-pikul/kismet-zero/lang/evolution/cultural_influence.go:278.39,279.22 1 1
github.com/chris-pikul/kismet-zero/lang/evolution/cultural_influence.go:280.36,281.22 1 1
github.com/chris-pikul/kismet-zero/lang/evolution/cultural_influence.go:282.32,283.22 1 1
github.com/chris-pikul/kismet-zero/lang/evolution/cultural_influence.go:284.36,285.22 1 1
github.com/chris-pikul/kismet-zero/lang/evolution/cultural_influence.go:286.35,287.22 1 1
github.com/chris-pikul/kismet-zero/lang/evolution/cultural_influence.go:288.37,289.22 1 1
github.com/chris-pikul/kismet-zero/lang/evolution/cultural_influence.go:290.43,291.22 1 1
github.com/chris-pikul/kismet-zero/lang/evolution/cultural_influence.go:292.34,293.22 1 1
github.com/chris-pikul/kismet-zero/lang/evolution/cultural_influence.go:294.34,295.22 1 1
github.com/chris-pikul/kismet-zero/lang/evolution/cultural_influence.go:296.10,297.22 1 0
github.com/chris-pikul/kismet-zero/lang/evolution/cultural_influence.go:301.2,302.26 2 1
github.com/chris-pikul/kismet-zero/lang/evolution/cultural_influence.go:302.26,304.3 1 0
github.com/chris-pikul/kismet-zero/lang/evolution/cultural_influence.go:307.2,312.26 3 1
github.com/chris-pikul/kismet-zero/lang/evolution/cultural_influence.go:312.26,314.3 1 0
github.com/chris-pikul/kismet-zero/lang/evolution/cultural_influence.go:316.2,316.23 1 1
github.com/chris-pikul/kismet-zero/lang/evolution/cultural_influence.go:325.11,330.48 2 1
github.com/chris-pikul/kismet-zero/lang/evolution/cultural_influence.go:330.48,332.3 1 1
github.com/chris-pikul/kismet-zero/lang/evolution/cultural_influence.go:335.2,335.45 1 1
github.com/chris-pikul/kismet-zero/lang/evolution/cultural_influence.go:335.45,337.3 1 1
github.com/chris-pikul/kismet-zero/lang/evolution/cultural_influence.go:340.2,340.47 1 1
github.com/chris-pikul/kismet-zero/lang/evolution/cultural_influence.go:340.47,342.3 1 0
github.com/chris-pikul/kismet-zero/lang/evolution/cultural_influence.go:345.2,345.39 1 1
github.com/chris-pikul/kismet-zero/lang/evolution/cultural_influence.go:345.39,347.3 1 1
github.com/chris-pikul/kismet-zero/lang/evolution/cultural_influence.go:347.8,347.45 1 1
github.com/chris-pikul/kismet-zero/lang/evolution/cultural_influence.go:347.45,349.3 1 1
github.com/chris-pikul/kismet-zero/lang/evolution/cultural_influence.go:352.2,352.41 1 1
github.com/chris-pikul/kismet-zero/lang/evolution/cultural_influence.go:352.41,354.3 1 1
github.com/chris-pikul/kismet-zero/lang/evolution/cultural_influence.go:357.2,357.48 1 1
github.com/chris-pikul/kismet-zero/lang/evolution/cultural_influence.go:357.48,359.3 1 1
github.com/chris-pikul/kismet-zero/lang/evolution/cultural_influence.go:361.2,361.29 1 1
github.com/chris-pikul/kismet-zero/lang/evolution/cultural_influence.go:361.29,363.3 1 1
github.com/chris-pikul/kismet-zero/lang/evolution/cultural_influence.go:365.2,365.26 1 1
github.com/chris-pikul/kismet-zero/lang/evolution/cultural_influence.go:369.158,372.2 1 1
github.com/chris-pikul/kismet-zero/lang/evolution/cultural_influence.go:374.154,377.2 1 1
github.com/chris-pikul/kismet-zero/lang/evolution/cultural_influence.go:379.159,382.2 1 1
github.com/chris-pikul/kismet-zero/lang/evolution/cultural_influence.go:384.158,387.2 1 1
github.com/chris-pikul/kismet-zero/lang/evolution/cultural_influence.go:390.29,391.11 1 1
github.com/chris-pikul/kismet-zero/lang/evolution/cultural_influence.go:391.11,393.3 1 1
github.com/chris-pikul/kismet-zero/lang/evolution/cultural_influence.go:394.2,394.10 1 1
github.com/chris-pikul/kismet-zero/lang/evolution/cultural_influence.go:404.22,411.44 3 1
github.com/chris-pikul/kismet-zero/lang/evolution/cultural_influence.go:411.44,426.3 2 0
github.com/chris-pikul/kismet-zero/lang/evolution/cultural_influence.go:429.2,429.21 1 1
github.com/chris-pikul/kismet-zero/lang/evolution/cultural_influence.go:430.68,431.45 1 1
github.com/chris-pikul/kismet-zero/lang/evolution/cultural_influence.go:431.45,446.4 2 1
github.com/chris-pikul/kismet-zero/lang/evolution/cultural_influence.go:449.2,449.16 1 1
github.com/chris-pikul/kismet-zero/lang/evolution/cultural_influence.go:458.22,464.21 3 1
github.com/chris-pikul/kismet-zero/lang/evolution/cultural_influence.go:465.68,466.38 1 1
github.com/chris-pikul/kismet-zero/lang/evolution/cultural_influence.go:467.62,468.38 1 1
github.com/chris-pikul/kismet-zero/lang/evolution/cultural_influence.go:469.62,470.38 1 1
github.com/chris-pikul/kismet-zero/lang/evolution/cultural_influence.go:471.10,472.38 1 0
github.com/chris-pikul/kismet-zero/lang/evolution/cultural_influence.go:476.2,480.41 3 1
github.com/chris-pikul/kismet-zero/lang/evolution/cultural_influence.go:480.41,481.35 1 1
github.com/chris-pikul/kismet-zero/lang/evolution/cultural_influence.go:481.35,485.23 2 1
github.com/chris-pikul/kismet-zero/lang/evolution/cultural_influence.go:486.34,487.38 1 1
github.com/chris-pikul/kismet-zero/lang/evolution/cultural_influence.go:488.38,489.42 1 1
github.com/chris-pikul/kismet-zero/lang/evolution/cultural_influence.go:490.36,491.35 1 0
github.com/chris-pikul/kismet-zero/lang/evolution/cultural_influence.go:492.36,493.39 1 1
github.com/chris-pikul/kismet-zero/lang/evolution/cultural_influence.go:494.37,495.36 1 1
github.com/chris-pikul/kismet-zero/lang/evolution/cultural_influence.go:496.12,497.40 1 0
github.com/chris-pikul/kismet-zero/lang/evolution/cultural_influence.go:500.4,512.37 2 1
github.com/chris-pikul/kismet-zero/lang/evolution/cultural_influence.go:516.2,516.16 1 1
github.com/chris-pikul/kismet-zero/lang/evolution/cultural_influence.go:524.22,529.46 2 1
github.com/chris-pikul/kismet-zero/lang/evolution/cultural_influence.go:529.46,531.3 1 0
github.com/chris-pikul/kismet-zero/lang/evolution/cultural_influence.go:534.2,536.44 2 1
github.com/chris-pikul/kismet-zero/lang/evolution/cultural_influence.go:536.44,551.3 2 0
github.com/chris-pikul/kismet-zero/lang/evolution/cultural_influence.go:554.2,554.65 1 1
github.com/chris-pikul/kismet-zero/lang/evolution/cultural_influence.go:554.65,555.35 1 0
github.com/chris-pikul/kismet-zero/lang/evolution/cultural_influence.go:555.35,570.4 2 0
github.com/chris-pikul/kismet-zero/lang/evolution/cultural_influence.go:573.2,573.16 1 1
github.com/chris-pikul/kismet-zero/lang/evolution/cultural_influence.go:581.22,586.65 2 1
github.com/chris-pikul/kismet-zero/lang/evolution/cultural_influence.go:586.65,588.3 1 1
github.com/chris-pikul/kismet-zero/lang/evolution/cultural_influence.go:591.2,593.44 2 1
github.com/chris-pikul/kismet-zero/lang/evolution/cultural_influence.go:593.44,608.3 2 0
github.com/chris-pikul/kismet-zero/lang/evolution/cultural_influence.go:611.2,611.65 1 1
github.com/chris-pikul/kismet-zero/lang/evolution/cultural_influence.go:611.65,612.35 1 0
github.com/chris-pikul/kismet-zero/lang/evolution/cultural_influence.go:612.35,627.4 2 0
github.com/chris-pikul/kismet-zero/lang/evolution/cultural_influence.go:630.2,630.16 1 1
github.com/chris-pikul/kismet-zero/lang/evolution/cultural_influence.go:634.98,636.33 2 1
github.com/chris-pikul/kismet-zero/lang/evolution/cultural_influence.go:636.33,638.3 1 1
github.com/chris-pikul/kismet-zero/lang/evolution/cultural_influence.go:639.2,639.17 1 1
github.com/chris-pikul/kismet-zero/lang/evolution/cultural_influence.go:642.133,643.23 1 1
github.com/chris-pikul/kismet-zero/lang/evolution/cultural_influence.go:643.23,645.3 1 0
github.com/chris-pikul/kismet-zero/lang/evolution/cultural_influence.go:646.2,646.118 1 1
github.com/chris-pikul/kismet-zero/lang/evolution/cultural_influence.go:649.142,652.47 2 1
github.com/chris-pikul/kismet-zero/lang/evolution/cultural_influence.go:652.47,654.3 1 1
github.com/chris-pikul/kismet-zero/lang/evolution/cultural_influence.go:656.2,656.38 1 1
github.com/chris-pikul/kismet-zero/lang/evolution/cultural_influence.go:656.38,658.3 1 1
github.com/chris-pikul/kismet-zero/lang/evolution/cultural_influence.go:660.2,660.45 1 1
github.com/chris-pikul/kismet-zero/lang/evolution/cultural_influence.go:660.45,662.3 1 1
github.com/chris-pikul/kismet-zero/lang/evolution/cultural_influence.go:664.2,664.16 1 1
github.com/chris-pikul/kismet-zero/lang/evolution/cultural_influence.go:667.139,670.48 2 1
github.com/chris-pikul/kismet-zero/lang/evolution/cultural_influence.go:670.48,672.3 1 1
github.com/chris-pikul/kismet-zero/lang/evolution/cultural_influence.go:674.2,674.46 1 1
github.com/chris-pikul/kismet-zero/lang/evolution/cultural_influence.go:674.46,676.3 1 1
github.com/chris-pikul/kismet-zero/lang/evolution/cultural_influence.go:678.2,678.45 1 1
github.com/chris-pikul/kismet-zero/lang/evolution/cultural_influence.go:678.45,680.3 1 1
github.com/chris-pikul/kismet-zero/lang/evolution/cultural_influence.go:682.2,682.16 1 1
github.com/chris-pikul/kismet-zero/lang/evolution/cultural_influence.go:685.103,688.2 1 1
github.com/chris-pikul/kismet-zero/lang/evolution/dialect.go:16.80,20.2 1 1
github.com/chris-pikul/kismet-zero/lang/evolution/dialect.go:29.44,31.23 1 1
github.com/chris-pikul/kismet-zero/lang/evolution/dialect.go:31.23,33.3 1 0
github.com/chris-pikul/kismet-zero/lang/evolution/dialect.go:36.2,68.37 5 1
github.com/chris-pikul/kismet-zero/lang/evolution/dialect.go:79.44,81.23 1 1
github.com/chris-pikul/kismet-zero/lang/evolution/dialect.go:81.23,83.3 1 0
github.com/chris-pikul/kismet-zero/lang/evolution/dialect.go:86.2,103.24 5 1
github.com/chris-pikul/kismet-zero/lang/evolution/dialect.go:103.24,105.3 1 1
github.com/chris-pikul/kismet-zero/lang/evolution/dialect.go:108.2,134.37 3 1
github.com/chris-pikul/kismet-zero/lang/evolution/dialect.go:142.37,144.20 1 1
github.com/chris-pikul/kismet-zero/lang/evolution/dialect.go:144.20,146.3 1 0
github.com/chris-pikul/kismet-zero/lang/evolution/dialect.go:149.2,173.45 6 1
github.com/chris-pikul/kismet-zero/lang/evolution/dialect.go:177.97,181.26 2 1
github.com/chris-pikul/kismet-zero/lang/evolution/dialect.go:181.26,183.3 1 1
github.com/chris-pikul/kismet-zero/lang/evolution/dialect.go:186.2,186.26 1 1
github.com/chris-pikul/kismet-zero/lang/evolution/dialect.go:186.26,188.3 1 1
github.com/chris-pikul/kismet-zero/lang/evolution/dialect.go:191.2,191.31 1 1
github.com/chris-pikul/kismet-zero/lang/evolution/dialect.go:191.31,193.3 1 0
github.com/chris-pikul/kismet-zero/lang/evolution/dialect.go:193.8,193.37 1 1
github.com/chris-pikul/kismet-zero/lang/evolution/dialect.go:193.37,195.3 1 1
github.com/chris-pikul/kismet-zero/lang/evolution/dialect.go:198.2,198.31 1 1
github.com/chris-pikul/kismet-zero/lang/evolution/dialect.go:198.31,200.3 1 0
github.com/chris-pikul/kismet-zero/lang/evolution/dialect.go:200.8,200.38 1 1
github.com/chris-pikul/kismet-zero/lang/evolution/dialect.go:200.38,202.3 1 1
github.com/chris-pikul/kismet-zero/lang/evolution/dialect.go:205.2,205.51 1 1
github.com/chris-pikul/kismet-zero/lang/evolution/dialect.go:205.51,207.3 1 1
github.com/chris-pikul/kismet-zero/lang/evolution/dialect.go:209.2,209.16 1 1
github.com/chris-pikul/kismet-zero/lang/evolution/dialect.go:213.110,220.24 3 1
github.com/chris-pikul/kismet-zero/lang/evolution/dialect.go:220.24,222.3 1 1
github.com/chris-pikul/kismet-zero/lang/evolution/dialect.go:222.8,222.31 1 1
github.com/chris-pikul/kismet-zero/lang/evolution/dialect.go:222.31,224.3 1 0
github.com/chris-pikul/kismet-zero/lang/evolution/dialect.go:227.2,227.57 1 1
github.com/chris-pikul/kismet-zero/lang/evolution/dialect.go:227.57,229.3 1 1
github.com/chris-pikul/kismet-zero/lang/evolution/dialect.go:229.8,229.63 1 1
github.com/chris-pikul/kismet-zero/lang/evolution/dialect.go:229.63,231.3 1 1
github.com/chris-pikul/kismet-zero/lang/evolution/dialect.go:233.2,233.16 1 1
github.com/chris-pikul/kismet-zero/lang/evolution/dialect.go:241.19,253.33 2 1
github.com/chris-pikul/kismet-zero/lang/evolution/dialect.go:253.33,254.10 1 1
github.com/chris-pikul/kismet-zero/lang/evolution/dialect.go:255.37,256.96 1 1
github.com/chris-pikul/kismet-zero/lang/evolution/dialect.go:257.37,258.109 1 1
github.com/chris-pikul/kismet-zero/lang/evolution/dialect.go:259.38,260.97 1 1
github.com/chris-pikul/kismet-zero/lang/evolution/dialect.go:261.37,262.103 1 0
github.com/chris-pikul/kismet-zero/lang/evolution/dialect.go:267.2,267.33 1 1
github.com/chris-pikul/kismet-zero/lang/evolution/dialect.go:267.33,268.10 1 1
github.com/chris-pikul/kismet-zero/lang/evolution/dialect.go:269.36,270.86 1 1
github.com/chris-pikul/kismet-zero/lang/evolution/dialect.go:271.37,272.87 1 1
github.com/chris-pikul/kismet-zero/lang/evolution/dialect.go:273.38,274.78 1 1
github.com/chris-pikul/kismet-zero/lang/evolution/dialect.go:275.41,276.85 1 1
github.com/chris-pikul/kismet-zero/lang/evolution/dialect.go:281.2,281.33 1 1
github.com/chris-pikul/kismet-zero/lang/evolution/dialect.go:281.33,282.10 1 1
github.com/chris-pikul/kismet-zero/lang/evolution/dialect.go:283.44,284.93 1 1
github.com/chris-pikul/kismet-zero/lang/evolution/dialect.go:285.43,286.95 1 0
github.com/chris-pikul/kismet-zero/lang/evolution/dialect.go:287.42,288.90 1 0
github.com/chris-pikul/kismet-zero/lang/evolution/dialect.go:293.2,295.17 2 1
github.com/chris-pikul/kismet-zero/lang/evolution/dialect.go:299.90,303.33 2 1
github.com/chris-pikul/kismet-zero/lang/evolution/dialect.go:303.33,304.10 1 1
github.com/chris-pikul/kismet-zero/lang/evolution/dialect.go:305.41,306.24 1 1
github.com/chris-pikul/kismet-zero/lang/evolution/dialect.go:307.44,308.24 1 0
github.com/chris-pikul/kismet-zero/lang/evolution/dialect.go:309.43,310.25 1 1
github.com/chris-pikul/kismet-zero/lang/evolution/dialect.go:311.38,312.24 1 1
github.com/chris-pikul/kismet-zero/lang/evolution/dialect.go:313.37,314.24 1 0
github.com/chris-pikul/kismet-zero/lang/evolution/dialect.go:318.2,318.25 1 1
github.com/chris-pikul/kismet-zero/lang/evolution/dialect.go:318.25,320.3 1 0
github.com/chris-pikul/kismet-zero/lang/evolution/dialect.go:322.2,322.31 1 1
github.com/chris-pikul/kismet-zero/lang/evolution/dialect.go:326.87,330.33 2 1
github.com/chris-pikul/kismet-zero/lang/evolution/dialect.go:330.33,331.10 1 1
github.com/chris-pikul/kismet-zero/lang/evolution/dialect.go:332.41,333.30 1 1
github.com/chris-pikul/kismet-zero/lang/evolution/dialect.go:334.38,335.31 1 1
github.com/chris-pikul/kismet-zero/lang/evolution/dialect.go:336.41,337.31 1 1
github.com/chris-pikul/kismet-zero/lang/evolution/dialect.go:338.37,339.31 1 1
github.com/chris-pikul/kismet-zero/lang/evolution/dialect.go:343.2,343.31 1 1
github.com/chris-pikul/kismet-zero/lang/evolution/dialect.go:343.31,345.3 1 0
github.com/chris-pikul/kismet-zero/lang/evolution/dialect.go:347.2,347.37 1 1
github.com/chris-pikul/kismet-zero/lang/evolution/dialect.go:351.107,355.67 2 1
github.com/chris-pikul/kismet-zero/lang/evolution/dialect.go:355.67,357.53 1 0
github.com/chris-pikul/kismet-zero/lang/evolution/dialect.go:357.53,370.4 2 0
github.com/chris-pikul/kismet-zero/lang/evolution/dialect.go:373.3,373.35 1 0
github.com/chris-pikul/kismet-zero/lang/evolution/dialect.go:373.35,386.4 2 0
github.com/chris-pikul/kismet-zero/lang/evolution/dialect.go:389.2,389.16 1 1
github.com/chris-pikul/kismet-zero/lang/evolution/dialect.go:396.19,401.33 2 1
github.com/chris-pikul/kismet-zero/lang/evolution/dialect.go:401.33,402.22 1 0
github.com/chris-pikul/kismet-zero/lang/evolution/dialect.go:403.28,404.28 1 0
github.com/chris-pikul/kismet-zero/lang/evolution/dialect.go:405.33,406.64 1 0
github.com/chris-pikul/kismet-zero/lang/evolution/dialect.go:406.64,408.6 1 0
github.com/chris-pikul/kismet-zero/lang/evolution/dialect.go:409.34,410.62 1 0
github.com/chris-pikul/kismet-zero/lang/evolution/dialect.go:410.62,412.6 1 0
github.com/chris-pikul/kismet-zero/lang/evolution/dialect.go:418.2,420.24 2 1
github.com/chris-pikul/kismet-zero/lang/evolution/dialect.go:424.98,425.23 1 1
github.com/chris-pikul/kismet-zero/lang/evolution/dialect.go:425.23,427.3 1 1
github.com/chris-pikul/kismet-zero/lang/evolution/dialect.go:429.2,430.33 2 0
github.com/chris-pikul/kismet-zero/lang/evolution/dialect.go:430.33,432.3 1 0
github.com/chris-pikul/kismet-zero/lang/evolution/dialect.go:434.2,434.47 1 0
github.com/chris-pikul/kismet-zero/lang/evolution/evolution.go:27.66,42.2 2 1
github.com/chris-pikul/kismet-zero/lang/evolution/evolution.go:50.43,52.21 1 1
github.com/chris-pikul/kismet-zero/lang/evolution/evolution.go:52.21,54.3 1 1
github.com/chris-pikul/kismet-zero/lang/evolution/evolution.go:57.2,69.30 7 1
github.com/chris-pikul/kismet-zero/lang/evolution/evolution.go:69.30,71.3 1 1
github.com/chris-pikul/kismet-zero/lang/evolution/evolution.go:74.2,80.48 2 1
github.com/chris-pikul/kismet-zero/lang/evolution/evolution.go:80.48,94.3 2 0
github.com/chris-pikul/kismet-zero/lang/evolution/evolution.go:97.2,103.49 2 1
github.com/chris-pikul/kismet-zero/lang/evolution/evolution.go:103.49,117.3 2 1
github.com/chris-pikul/kismet-zero/lang/evolution/evolution.go:120.2,137.97 4 1
github.com/chris-pikul/kismet-zero/lang/evolution/evolution.go:137.97,139.17 2 1
github.com/chris-pikul/kismet-zero/lang/evolution/evolution.go:139.17,141.4 1 0
github.com/chris-pikul/kismet-zero/lang/evolution/evolution.go:145.2,146.16 2 1
github.com/chris-pikul/kismet-zero/lang/evolution/evolution.go:146.16,148.3 1 0
github.com/chris-pikul/kismet-zero/lang/evolution/evolution.go:150.2,150.41 1 1
github.com/chris-pikul/kismet-zero/lang/evolution/evolution.go:158.30,159.42 1 1
github.com/chris-pikul/kismet-zero/lang/evolution/evolution.go:159.42,161.3 1 0
github.com/chris-pikul/kismet-zero/lang/evolution/evolution.go:163.2,163.25 1 1
github.com/chris-pikul/kismet-zero/lang/evolution/evolution.go:164.22,165.104 1 1
github.com/chris-pikul/kismet-zero/lang/evolution/evolution.go:166.21,167.102 1 0
github.com/chris-pikul/kismet-zero/lang/evolution/evolution.go:168.23,169.106 1 0
github.com/chris-pikul/kismet-zero/lang/evolution/evolution.go:170.10,171.73 1 0
github.com/chris-pikul/kismet-zero/lang/evolution/evolution.go:182.30,183.42 1 1
github.com/chris-pikul/kismet-zero/lang/evolution/evolution.go:183.42,185.3 1 0
github.com/chris-pikul/kismet-zero/lang/evolution/evolution.go:187.2,187.96 1 1
github.com/chris-pikul/kismet-zero/lang/evolution/evolution.go:195.34,196.42 1 1
github.com/chris-pikul/kismet-zero/lang/evolution/evolution.go:196.42,198.3 1 0
github.com/chris-pikul/kismet-zero/lang/evolution/evolution.go:200.2,200.85 1 1
github.com/chris-pikul/kismet-zero/lang/evolution/evolution.go:211.43,213.44 1 1
github.com/chris-pikul/kismet-zero/lang/evolution/evolution.go:213.44,215.3 1 0
github.com/chris-pikul/kismet-zero/lang/evolution/evolution.go:218.2,229.16 3 1
github.com/chris-pikul/kismet-zero/lang/evolution/evolution.go:229.16,231.3 1 0
github.com/chris-pikul/kismet-zero/lang/evolution/evolution.go:238.2,256.99 4 1
github.com/chris-pikul/kismet-zero/lang/evolution/evolution.go:256.99,258.17 2 1
github.com/chris-pikul/kismet-zero/lang/evolution/evolution.go:258.17,260.4 1 0
github.com/chris-pikul/kismet-zero/lang/evolution/evolution.go:263.2,263.99 1 1
github.com/chris-pikul/kismet-zero/lang/evolution/evolution.go:263.99,265.17 2 1
github.com/chris-pikul/kismet-zero/lang/evolution/evolution.go:265.17,267.4 1 0
github.com/chris-pikul/kismet-zero/lang/evolution/evolution.go:271.2,272.16 2 1
github.com/chris-pikul/kismet-zero/lang/evolution/evolution.go:272.16,274.3 1 0
github.com/chris-pikul/kismet-zero/lang/evolution/evolution.go:276.2,277.16 2 1
github.com/chris-pikul/kismet-zero/lang/evolution/evolution.go:277.16,279.3 1 0
github.com/chris-pikul/kismet-zero/lang/evolution/evolution.go:281.2,281.41 1 1
github.com/chris-pikul/kismet-zero/lang/evolution/evolution.go:291.43,293.23 1 1
github.com/chris-pikul/kismet-zero/lang/evolution/evolution.go:293.23,295.3 1 0
github.com/chris-pikul/kismet-zero/lang/evolution/evolution.go:298.2,306.33 5 1
github.com/chris-pikul/kismet-zero/lang/evolution/evolution.go:306.33,308.3 1 1
github.com/chris-pikul/kismet-zero/lang/evolution/evolution.go:309.2,309.35 1 1
github.com/chris-pikul/kismet-zero/lang/evolution/evolution.go:309.35,311.3 1 0
github.com/chris-pikul/kismet-zero/lang/evolution/evolution.go:312.2,312.34 1 1
github.com/chris-pikul/kismet-zero/lang/evolution/evolution.go:312.34,314.3 1 0
github.com/chris-pikul/kismet-zero/lang/evolution/evolution.go:315.2,315.31 1 1
github.com/chris-pikul/kismet-zero/lang/evolution/evolution.go:315.31,317.3 1 0
github.com/chris-pikul/kismet-zero/lang/evolution/evolution.go:320.2,321.16 2 1
github.com/chris-pikul/kismet-zero/lang/evolution/evolution.go:321.16,323.3 1 0
github.com/chris-pikul/kismet-zero/lang/evolution/evolution.go:326.2,330.16 3 1
github.com/chris-pikul/kismet-zero/lang/evolution/evolution.go:330.16,332.3 1 0
github.com/chris-pikul/kismet-zero/lang/evolution/evolution.go:335.2,337.39 2 1
github.com/chris-pikul/kismet-zero/lang/evolution/evolution.go:342.106,346.52 2 1
github.com/chris-pikul/kismet-zero/lang/evolution/evolution.go:346.52,349.38 2 1
github.com/chris-pikul/kismet-zero/lang/evolution/evolution.go:349.38,352.35 2 1
github.com/chris-pikul/kismet-zero/lang/evolution/evolution.go:352.35,354.5 1 1
github.com/chris-pikul/kismet-zero/lang/evolution/evolution.go:358.3,358.24 1 1
github.com/chris-pikul/kismet-zero/lang/evolution/evolution.go:358.24,371.4 2 0
github.com/chris-pikul/kismet-zero/lang/evolution/evolution.go:374.2,374.16 1 1
github.com/chris-pikul/kismet-zero/lang/evolution/evolution.go:378.82,384.2 3 1
github.com/chris-pikul/kismet-zero/lang/evolution/evolution.go:387.90,388.23 1 1
github.com/chris-pikul/kismet-zero/lang/evolution/evolution.go:388.23,390.3 1 1
github.com/chris-pikul/kismet-zero/lang/evolution/evolution.go:392.2,393.33 2 1
github.com/chris-pikul/kismet-zero/lang/evolution/evolution.go:393.33,395.3 1 1
github.com/chris-pikul/kismet-zero/lang/evolution/evolution.go:397.2,397.47 1 1
github.com/chris-pikul/kismet-zero/lang/evolution/evolution.go:401.64,403.2 1 1
github.com/chris-pikul/kismet-zero/lang/evolution/evolution.go:406.93,408.2 1 1
github.com/chris-pikul/kismet-zero/lang/evolution/evolution.go:411.89,413.2 1 1
github.com/chris-pikul/kismet-zero/lang/evolution/evolution.go:424.55,426.44 1 1
github.com/chris-pikul/kismet-zero/lang/evolution/evolution.go:426.44,428.3 1 0
github.com/chris-pikul/kismet-zero/lang/evolution/evolution.go:431.2,441.22 2 1
github.com/chris-pikul/kismet-zero/lang/evolution/evolution.go:441.22,460.17 3 1
github.com/chris-pikul/kismet-zero/lang/evolution/evolution.go:460.17,462.4 1 0
github.com/chris-pikul/kismet-zero/lang/evolution/evolution.go:465.2,465.28 1 1
github.com/chris-pikul/kismet-zero/lang/evolution/evolution.go:469.82,471.2 1 1
github.com/chris-pikul/kismet-zero/lang/evolution/evolution.go:480.44,482.23 1 1
github.com/chris-pikul/kismet-zero/lang/evolution/evolution.go:482.23,484.3 1 0
github.com/chris-pikul/kismet-zero/lang/evolution/evolution.go:487.2,494.16 2 1
github.com/chris-pikul/kismet-zero/lang/evolution/evolution.go:494.16,496.3 1 0
github.com/chris-pikul/kismet-zero/lang/evolution/evolution.go:499.2,500.16 2 1
github.com/chris-pikul/kismet-zero/lang/evolution/evolution.go:500.16,502.3 1 0
github.com/chris-pikul/kismet-zero/lang/evolution/evolution.go:504.2,504.37 1 1
github.com/chris-pikul/kismet-zero/lang/evolution/evolution.go:515.44,517.23 1 1
github.com/chris-pikul/kismet-zero/lang/evolution/evolution.go:517.23,519.3 1 0
github.com/chris-pikul/kismet-zero/lang/evolution/evolution.go:522.2,530.16 2 1
github.com/chris-pikul/kismet-zero/lang/evolution/evolution.go:530.16,532.3 1 0
github.com/chris-pikul/kismet-zero/lang/evolution/evolution.go:535.2,536.16 2 1
github.com/chris-pikul/kismet-zero/lang/evolution/evolution.go:536.16,538.3 1 0
github.com/chris-pikul/kismet-zero/lang/evolution/evolution.go:540.2,540.37 1 1
github.com/chris-pikul/kismet-zero/lang/evolution/evolution.go:548.37,550.20 1 1
github.com/chris-pikul/kismet-zero/lang/evolution/evolution.go:550.20,552.3 1 0
github.com/chris-pikul/kismet-zero/lang/evolution/evolution.go:555.2,560.16 2 1
github.com/chris-pikul/kismet-zero/lang/evolution/evolution.go:560.16,562.3 1 0
github.com/chris-pikul/kismet-zero/lang/evolution/evolution.go:565.2,566.16 2 1
github.com/chris-pikul/kismet-zero/lang/evolution/evolution.go:566.16,568.3 1 0
github.com/chris-pikul/kismet-zero/lang/evolution/evolution.go:570.2,570.44 1 1
github.com/chris-pikul/kismet-zero/lang/evolution/evolution.go:574.80,576.2 1 1
github.com/chris-pikul/kismet-zero/lang/evolution/familytree.go:19.72,25.2 1 1
github.com/chris-pikul/kismet-zero/lang/evolution/familytree.go:28.98,29.21 1 1
github.com/chris-pikul/kismet-zero/lang/evolution/familytree.go:29.21,31.3 1 0
github.com/chris-pikul/kismet-zero/lang/evolution/familytree.go:34.2,41.21 2 1
github.com/chris-pikul/kismet-zero/lang/evolution/familytree.go:41.21,43.3 1 1
github.com/chris-pikul/kismet-zero/lang/evolution/familytree.go:43.8,43.26 1 1
github.com/chris-pikul/kismet-zero/lang/evolution/familytree.go:43.26,46.14 2 1
github.com/chris-pikul/kismet-zero/lang/evolution/familytree.go:46.14,48.4 1 0
github.com/chris-pikul/kismet-zero/lang/evolution/familytree.go:51.3,53.35 3 1
github.com/chris-pikul/kismet-zero/lang/evolution/familytree.go:57.2,59.12 2 1
github.com/chris-pikul/kismet-zero/lang/evolution/familytree.go:63.89,66.2 2 1
github.com/chris-pikul/kismet-zero/lang/evolution/familytree.go:69.80,73.13 3 1
github.com/chris-pikul/kismet-zero/lang/evolution/familytree.go:73.13,75.3 1 0
github.com/chris-pikul/kismet-zero/lang/evolution/familytree.go:77.2,78.21 2 1
github.com/chris-pikul/kismet-zero/lang/evolution/familytree.go:78.21,81.3 2 1
github.com/chris-pikul/kismet-zero/lang/evolution/familytree.go:83.2,83.18 1 1
github.com/chris-pikul/kismet-zero/lang/evolution/familytree.go:87.82,91.13 3 1
github.com/chris-pikul/kismet-zero/lang/evolution/familytree.go:91.13,93.3 1 0
github.com/chris-pikul/kismet-zero/lang/evolution/familytree.go:96.2,98.20 2 1
github.com/chris-pikul/kismet-zero/lang/evolution/familytree.go:102.101,103.38 1 1
github.com/chris-pikul/kismet-zero/lang/evolution/familytree.go:103.38,106.3 2 1
github.com/chris-pikul/kismet-zero/lang/evolution/familytree.go:110.79,114.35 3 1
github.com/chris-pikul/kismet-zero/lang/evolution/familytree.go:114.35,116.3 1 0
github.com/chris-pikul/kismet-zero/lang/evolution/familytree.go:119.2,119.45 1 1
github.com/chris-pikul/kismet-zero/lang/evolution/familytree.go:119.45,120.20 1 1
github.com/chris-pikul/kismet-zero/lang/evolution/familytree.go:120.20,122.4 1 0
github.com/chris-pikul/kismet-zero/lang/evolution/familytree.go:125.2,125.17 1 1
github.com/chris-pikul/kismet-zero/lang/evolution/familytree.go:129.98,133.26 3 1
github.com/chris-pikul/kismet-zero/lang/evolution/familytree.go:133.26,135.3 1 1
github.com/chris-pikul/kismet-zero/lang/evolution/familytree.go:138.2,142.39 3 1
github.com/chris-pikul/kismet-zero/lang/evolution/familytree.go:142.39,143.40 1 1
github.com/chris-pikul/kismet-zero/lang/evolution/familytree.go:143.40,144.30 1 1
github.com/chris-pikul/kismet-zero/lang/evolution/familytree.go:144.30,146.5 1 1
github.com/chris-pikul/kismet-zero/lang/evolution/familytree.go:151.2,151.22 1 1
github.com/chris-pikul/kismet-zero/lang/evolution/familytree.go:155.100,157.16 2 1
github.com/chris-pikul/kismet-zero/lang/evolution/familytree.go:157.16,159.3 1 1
github.com/chris-pikul/kismet-zero/lang/evolution/familytree.go:164.2,170.61 4 1
github.com/chris-pikul/kismet-zero/lang/evolution/familytree.go:174.77,175.16 1 1
github.com/chris-pikul/kismet-zero/lang/evolution/familytree.go:175.16,177.3 1 1
github.com/chris-pikul/kismet-zero/lang/evolution/familytree.go:179.2,182.40 3 1
github.com/chris-pikul/kismet-zero/lang/evolution/familytree.go:182.40,185.3 2 1
github.com/chris-pikul/kismet-zero/lang/evolution/familytree.go:187.2,187.14 1 1
github.com/chris-pikul/kismet-zero/lang/evolution/familytree.go:191.97,193.13 2 1
github.com/chris-pikul/kismet-zero/lang/evolution/familytree.go:193.13,195.3 1 0
github.com/chris-pikul/kismet-zero/lang/evolution/familytree.go:197.2,198.12 2 1
github.com/chris-pikul/kismet-zero/lang/evolution/familytree.go:202.93,204.13 2 1
github.com/chris-pikul/kismet-zero/lang/evolution/familytree.go:204.13,206.3 1 0
github.com/chris-pikul/kismet-zero/lang/evolution/familytree.go:208.2,209.12 2 1
github.com/chris-pikul/kismet-zero/lang/evolution/familytree.go:213.97,215.13 2 1
github.com/chris-pikul/kismet-zero/lang/evolution/familytree.go:215.13,217.3 1 0
github.com/chris-pikul/kismet-zero/lang/evolution/familytree.go:219.2,219.28 1 1
github.com/chris-pikul/kismet-zero/lang/evolution/familytree.go:223.93,225.13 2 1
github.com/chris-pikul/kismet-zero/lang/evolution/familytree.go:225.13,227.3 1 0
github.com/chris-pikul/kismet-zero/lang/evolution/familytree.go:229.2,229.33 1 1
github.com/chris-pikul/kismet-zero/lang/evolution/familytree.go:233.57,234.21 1 1
github.com/chris-pikul/kismet-zero/lang/evolution/familytree.go:234.21,236.3 1 1
github.com/chris-pikul/kismet-zero/lang/evolution/familytree.go:238.2,238.35 1 1
github.com/chris-pikul/kismet-zero/lang/evolution/familytree.go:242.80,243.17 1 1
github.com/chris-pikul/kismet-zero/lang/evolution/familytree.go:243.17,245.3 1 0
github.com/chris-pikul/kismet-zero/lang/evolution/familytree.go:247.2,248.29 2 1
github.com/chris-pikul/kismet-zero/lang/evolution/familytree.go:248.29,250.3 1 1
github.com/chris-pikul/kismet-zero/lang/evolution/familytree.go:252.2,254.38 2 1
github.com/chris-pikul/kismet-zero/lang/evolution/familytree.go:254.38,256.3 1 1
github.com/chris-pikul/kismet-zero/lang/evolution/familytree.go:258.2,258.15 1 1
github.com/chris-pikul/kismet-zero/lang/evolution/familytree.go:262.94,263.20 1 1
github.com/chris-pikul/kismet-zero/lang/evolution/familytree.go:263.20,265.3 1 1
github.com/chris-pikul/kismet-zero/lang/evolution/familytree.go:267.2,267.23 1 1
github.com/chris-pikul/kismet-zero/lang/evolution/familytree.go:267.23,269.3 1 1
github.com/chris-pikul/kismet-zero/lang/evolution/familytree.go:272.2,273.13 2 1
github.com/chris-pikul/kismet-zero/lang/evolution/familytree.go:273.13,275.3 1 1
github.com/chris-pikul/kismet-zero/lang/evolution/familytree.go:278.2,282.55 3 1
github.com/chris-pikul/kismet-zero/lang/evolution/familytree.go:282.55,283.37 1 1
github.com/chris-pikul/kismet-zero/lang/evolution/familytree.go:283.37,285.9 2 0
github.com/chris-pikul/kismet-zero/lang/evolution/familytree.go:288.2,288.12 1 1
github.com/chris-pikul/kismet-zero/lang/evolution/familytree.go:288.12,297.3 2 1
github.com/chris-pikul/kismet-zero/lang/evolution/familytree.go:299.2,299.12 1 1
github.com/chris-pikul/kismet-zero/lang/evolution/familytree.go:303.70,304.20 1 1
github.com/chris-pikul/kismet-zero/lang/evolution/familytree.go:304.20,306.3 1 1
github.com/chris-pikul/kismet-zero/lang/evolution/familytree.go:308.2,308.52 1 1
github.com/chris-pikul/kismet-zero/lang/evolution/familytree.go:308.52,310.3 1 1
github.com/chris-pikul/kismet-zero/lang/evolution/familytree.go:312.2,313.12 2 1
github.com/chris-pikul/kismet-zero/lang/evolution/familytree.go:317.78,320.2 2 1
github.com/chris-pikul/kismet-zero/lang/evolution/familytree.go:323.84,326.39 2 1
github.com/chris-pikul/kismet-zero/lang/evolution/familytree.go:326.39,327.41 1 1
github.com/chris-pikul/kismet-zero/lang/evolution/familytree.go:327.41,329.4 1 1
github.com/chris-pikul/kismet-zero/lang/evolution/familytree.go:332.2,332.17 1 1
github.com/chris-pikul/kismet-zero/lang/evolution/familytree.go:336.60,338.39 2 1
github.com/chris-pikul/kismet-zero/lang/evolution/familytree.go:338.39,340.3 1 1
github.com/chris-pikul/kismet-zero/lang/evolution/familytree.go:341.2,341.17 1 1
github.com/chris-pikul/kismet-zero/lang/evolution/linguistic_adaptation.go:16.88,20.2 1 1
github.com/chris-pikul/kismet-zero/lang/evolution/linguistic_adaptation.go:26.30,27.23 1 1
github.com/chris-pikul/kismet-zero/lang/evolution/linguistic_adaptation.go:27.23,29.3 1 0
github.com/chris-pikul/kismet-zero/lang/evolution/linguistic_adaptation.go:32.2,45.39 2 1
github.com/chris-pikul/kismet-zero/lang/evolution/linguistic_adaptation.go:45.39,47.52 1 0
github.com/chris-pikul/kismet-zero/lang/evolution/linguistic_adaptation.go:47.52,49.4 1 0
github.com/chris-pikul/kismet-zero/lang/evolution/linguistic_adaptation.go:52.2,52.42 1 1
github.com/chris-pikul/kismet-zero/lang/evolution/linguistic_adaptation.go:52.42,54.55 1 0
github.com/chris-pikul/kismet-zero/lang/evolution/linguistic_adaptation.go:54.55,56.4 1 0
github.com/chris-pikul/kismet-zero/lang/evolution/linguistic_adaptation.go:59.2,59.41 1 1
github.com/chris-pikul/kismet-zero/lang/evolution/linguistic_adaptation.go:59.41,62.3 1 0
github.com/chris-pikul/kismet-zero/lang/evolution/linguistic_adaptation.go:64.2,64.20 1 1
github.com/chris-pikul/kismet-zero/lang/evolution/linguistic_adaptation.go:71.30,72.23 1 0
github.com/chris-pikul/kismet-zero/lang/evolution/linguistic_adaptation.go:72.23,74.3 1 0
github.com/chris-pikul/kismet-zero/lang/evolution/linguistic_adaptation.go:77.2,90.102 2 0
github.com/chris-pikul/kismet-zero/lang/evolution/linguistic_adaptation.go:90.102,93.3 2 0
github.com/chris-pikul/kismet-zero/lang/evolution/linguistic_adaptation.go:95.2,95.101 1 0
github.com/chris-pikul/kismet-zero/lang/evolution/linguistic_adaptation.go:95.101,98.3 2 0
github.com/chris-pikul/kismet-zero/lang/evolution/linguistic_adaptation.go:100.2,100.39 1 0
github.com/chris-pikul/kismet-zero/lang/evolution/linguistic_adaptation.go:100.39,103.3 2 0
github.com/chris-pikul/kismet-zero/lang/evolution/linguistic_adaptation.go:105.2,105.20 1 0
github.com/chris-pikul/kismet-zero/lang/evolution/linguistic_adaptation.go:112.30,113.23 1 0
github.com/chris-pikul/kismet-zero/lang/evolution/linguistic_adaptation.go:113.23,115.3 1 0
github.com/chris-pikul/kismet-zero/lang/evolution/linguistic_adaptation.go:118.2,131.38 2 0
github.com/chris-pikul/kismet-zero/lang/evolution/linguistic_adaptation.go:131.38,134.3 2 0
github.com/chris-pikul/kismet-zero/lang/evolution/linguistic_adaptation.go:136.2,136.43 1 0
github.com/chris-pikul/kismet-zero/lang/evolution/linguistic_adaptation.go:136.43,139.3 2 0
github.com/chris-pikul/kismet-zero/lang/evolution/linguistic_adaptation.go:141.2,141.42 1 0
github.com/chris-pikul/kismet-zero/lang/evolution/linguistic_adaptation.go:141.42,144.3 2 0
github.com/chris-pikul/kismet-zero/lang/evolution/linguistic_adaptation.go:146.2,146.20 1 0
github.com/chris-pikul/kismet-zero/lang/evolution/linguistic_adaptation.go:155.30,156.20 1 1
github.com/chris-pikul/kismet-zero/lang/evolution/linguistic_adaptation.go:156.20,158.3 1 0
github.com/chris-pikul/kismet-zero/lang/evolution/linguistic_adaptation.go:161.2,174.20 2 1
github.com/chris-pikul/kismet-zero/lang/evolution/linguistic_adaptation.go:181.34,192.24 2 1
github.com/chris-pikul/kismet-zero/lang/evolution/linguistic_adaptation.go:193.22,200.4 1 1
github.com/chris-pikul/kismet-zero/lang/evolution/linguistic_adaptation.go:201.21,208.4 1 0
github.com/chris-pikul/kismet-zero/lang/evolution/linguistic_adaptation.go:209.23,216.4 1 0
github.com/chris-pikul/kismet-zero/lang/evolution/linguistic_adaptation.go:219.2,219.24 1 1
github.com/chris-pikul/kismet-zero/lang/evolution/morphology.go:33.52,34.42 1 1
github.com/chris-pikul/kismet-zero/lang/evolution/morphology.go:34.42,36.3 1 1
github.com/chris-pikul/kismet-zero/lang/evolution/morphology.go:37.2,37.41 1 1
github.com/chris-pikul/kismet-zero/lang/evolution/morphology.go:68.92,72.2 1 1
github.com/chris-pikul/kismet-zero/lang/evolution/morphology.go:80.25,84.67 2 1
github.com/chris-pikul/kismet-zero/lang/evolution/morphology.go:84.67,87.3 2 1
github.com/chris-pikul/kismet-zero/lang/evolution/morphology.go:90.2,90.71 1 1
github.com/chris-pikul/kismet-zero/lang/evolution/morphology.go:90.71,93.3 2 1
github.com/chris-pikul/kismet-zero/lang/evolution/morphology.go:96.2,96.71 1 1
github.com/chris-pikul/kismet-zero/lang/evolution/morphology.go:96.71,99.3 2 1
github.com/chris-pikul/kismet-zero/lang/evolution/morphology.go:101.2,101.16 1 1
github.com/chris-pikul/kismet-zero/lang/evolution/morphology.go:109.25,113.34 2 1
github.com/chris-pikul/kismet-zero/lang/evolution/morphology.go:113.34,127.3 2 0
github.com/chris-pikul/kismet-zero/lang/evolution/morphology.go:130.2,130.34 1 1
github.com/chris-pikul/kismet-zero/lang/evolution/morphology.go:130.34,144.3 2 1
github.com/chris-pikul/kismet-zero/lang/evolution/morphology.go:146.2,146.16 1 1
github.com/chris-pikul/kismet-zero/lang/evolution/morphology.go:154.25,158.34 2 1
github.com/chris-pikul/kismet-zero/lang/evolution/morphology.go:158.34,172.3 2 0
github.com/chris-pikul/kismet-zero/lang/evolution/morphology.go:174.2,174.16 1 1
github.com/chris-pikul/kismet-zero/lang/evolution/morphology.go:182.25,186.34 2 1
github.com/chris-pikul/kismet-zero/lang/evolution/morphology.go:186.34,200.3 2 0
github.com/chris-pikul/kismet-zero/lang/evolution/morphology.go:202.2,202.16 1 1
github.com/chris-pikul/kismet-zero/lang/evolution/morphology.go:209.11,213.25 2 1
github.com/chris-pikul/kismet-zero/lang/evolution/morphology.go:213.25,215.3 1 1
github.com/chris-pikul/kismet-zero/lang/evolution/morphology.go:218.2,218.20 1 1
github.com/chris-pikul/kismet-zero/lang/evolution/morphology.go:218.20,222.3 1 1
github.com/chris-pikul/kismet-zero/lang/evolution/morphology.go:225.2,225.22 1 1
github.com/chris-pikul/kismet-zero/lang/evolution/morphology.go:225.22,227.3 1 0
github.com/chris-pikul/kismet-zero/lang/evolution/morphology.go:229.2,229.28 1 1
github.com/chris-pikul/kismet-zero/lang/evolution/orthography.go:34.51,35.44 1 1
github.com/chris-pikul/kismet-zero/lang/evolution/orthography.go:35.44,37.3 1 1
github.com/chris-pikul/kismet-zero/lang/evolution/orthography.go:38.2,38.40 1 1
github.com/chris-pikul/kismet-zero/lang/evolution/orthography.go:73.90,77.2 1 1
github.com/chris-pikul/kismet-zero/lang/evolution/orthography.go:84.24,88.63 2 1
github.com/chris-pikul/kismet-zero/lang/evolution/orthography.go:88.63,91.3 2 0
github.com/chris-pikul/kismet-zero/lang/evolution/orthography.go:94.2,94.72 1 1
github.com/chris-pikul/kismet-zero/lang/evolution/orthography.go:94.72,97.3 2 1
github.com/chris-pikul/kismet-zero/lang/evolution/orthography.go:100.2,100.72 1 1
github.com/chris-pikul/kismet-zero/lang/evolution/orthography.go:100.72,103.3 2 1
github.com/chris-pikul/kismet-zero/lang/evolution/orthography.go:106.2,106.72 1 1
github.com/chris-pikul/kismet-zero/lang/evolution/orthography.go:106.72,109.3 2 1
github.com/chris-pikul/kismet-zero/lang/evolution/orthography.go:111.2,111.16 1 1
github.com/chris-pikul/kismet-zero/lang/evolution/orthography.go:118.24,122.34 2 1
github.com/chris-pikul/kismet-zero/lang/evolution/orthography.go:122.34,137.3 2 1
github.com/chris-pikul/kismet-zero/lang/evolution/orthography.go:140.2,140.34 1 1
github.com/chris-pikul/kismet-zero/lang/evolution/orthography.go:140.34,155.3 2 1
github.com/chris-pikul/kismet-zero/lang/evolution/orthography.go:157.2,157.16 1 1
github.com/chris-pikul/kismet-zero/lang/evolution/orthography.go:164.24,168.34 2 1
github.com/chris-pikul/kismet-zero/lang/evolution/orthography.go:168.34,182.3 2 0
github.com/chris-pikul/kismet-zero/lang/evolution/orthography.go:185.2,185.34 1 1
github.com/chris-pikul/kismet-zero/lang/evolution/orthography.go:185.34,199.3 2 1
github.com/chris-pikul/kismet-zero/lang/evolution/orthography.go:201.2,201.16 1 1
github.com/chris-pikul/kismet-zero/lang/evolution/orthography.go:208.24,212.34 2 1
github.com/chris-pikul/kismet-zero/lang/evolution/orthography.go:212.34,226.3 2 1
github.com/chris-pikul/kismet-zero/lang/evolution/orthography.go:229.2,229.34 1 1
github.com/chris-pikul/kismet-zero/lang/evolution/orthography.go:229.34,243.3 2 1
github.com/chris-pikul/kismet-zero/lang/evolution/orthography.go:245.2,245.16 1 1
github.com/chris-pikul/kismet-zero/lang/evolution/orthography.go:252.24,256.34 2 1
github.com/chris-pikul/kismet-zero/lang/evolution/orthography.go:256.34,270.3 2 0
github.com/chris-pikul/kismet-zero/lang/evolution/orthography.go:273.2,273.34 1 1
github.com/chris-pikul/kismet-zero/lang/evolution/orthography.go:273.34,287.3 2 1
github.com/chris-pikul/kismet-zero/lang/evolution/orthography.go:289.2,289.16 1 1
github.com/chris-pikul/kismet-zero/lang/evolution/orthography.go:298.24,302.23 2 1
github.com/chris-pikul/kismet-zero/lang/evolution/orthography.go:303.19,304.41 1 1
github.com/chris-pikul/kismet-zero/lang/evolution/orthography.go:304.41,319.4 2 1
github.com/chris-pikul/kismet-zero/lang/evolution/orthography.go:321.18,322.45 1 1
github.com/chris-pikul/kismet-zero/lang/evolution/orthography.go:322.45,337.4 2 0
github.com/chris-pikul/kismet-zero/lang/evolution/orthography.go:339.15,340.45 1 1
github.com/chris-pikul/kismet-zero/lang/evolution/orthography.go:340.45,355.4 2 0
github.com/chris-pikul/kismet-zero/lang/evolution/orthography.go:358.2,358.16 1 1
github.com/chris-pikul/kismet-zero/lang/evolution/orthography.go:366.24,369.50 2 1
github.com/chris-pikul/kismet-zero/lang/evolution/orthography.go:369.50,370.47 1 1
github.com/chris-pikul/kismet-zero/lang/evolution/orthography.go:370.47,385.4 2 1
github.com/chris-pikul/kismet-zero/lang/evolution/orthography.go:388.2,388.16 1 1
github.com/chris-pikul/kismet-zero/lang/evolution/orthography.go:394.11,398.26 2 1
github.com/chris-pikul/kismet-zero/lang/evolution/orthography.go:398.26,403.50 3 1
github.com/chris-pikul/kismet-zero/lang/evolution/orthography.go:403.50,404.34 1 1
github.com/chris-pikul/kismet-zero/lang/evolution/orthography.go:404.34,406.5 1 1
github.com/chris-pikul/kismet-zero/lang/evolution/orthography.go:408.3,411.30 2 1
github.com/chris-pikul/kismet-zero/lang/evolution/orthography.go:412.44,413.21 1 0
github.com/chris-pikul/kismet-zero/lang/evolution/orthography.go:414.41,415.21 1 0
github.com/chris-pikul/kismet-zero/lang/evolution/orthography.go:416.43,417.21 1 1
github.com/chris-pikul/kismet-zero/lang/evolution/orthography.go:422.2,422.22 1 1
github.com/chris-pikul/kismet-zero/lang/evolution/orthography.go:422.22,424.3 1 0
github.com/chris-pikul/kismet-zero/lang/evolution/orthography.go:426.2,426.28 1 1
github.com/chris-pikul/kismet-zero/lang/evolution/orthography.go:434.22,441.20 4 1
github.com/chris-pikul/kismet-zero/lang/evolution/orthography.go:442.18,445.27 3 1
github.com/chris-pikul/kismet-zero/lang/evolution/orthography.go:446.19,449.26 3 1
github.com/chris-pikul/kismet-zero/lang/evolution/orthography.go:450.16,453.26 3 1
github.com/chris-pikul/kismet-zero/lang/evolution/orthography.go:454.10,457.26 3 1
github.com/chris-pikul/kismet-zero/lang/evolution/orthography.go:460.2,472.3 1 1
github.com/chris-pikul/kismet-zero/lang/evolution/soundchange.go:188.70,193.2 1 1
github.com/chris-pikul/kismet-zero/lang/evolution/soundchange.go:196.61,198.2 1 1
github.com/chris-pikul/kismet-zero/lang/evolution/soundchange.go:202.129,206.33 3 1
github.com/chris-pikul/kismet-zero/lang/evolution/soundchange.go:206.33,207.40 1 1
github.com/chris-pikul/kismet-zero/lang/evolution/soundchange.go:207.40,208.12 1 1
github.com/chris-pikul/kismet-zero/lang/evolution/soundchange.go:211.3,211.48 1 1
github.com/chris-pikul/kismet-zero/lang/evolution/soundchange.go:211.48,213.21 2 1
github.com/chris-pikul/kismet-zero/lang/evolution/soundchange.go:213.21,215.5 1 1
github.com/chris-pikul/kismet-zero/lang/evolution/soundchange.go:219.2,219.35 1 1
github.com/chris-pikul/kismet-zero/lang/evolution/soundchange.go:223.118,242.44 2 1
github.com/chris-pikul/kismet-zero/lang/evolution/soundchange.go:242.44,244.3 1 1
github.com/chris-pikul/kismet-zero/lang/evolution/soundchange.go:246.2,246.15 1 1
github.com/chris-pikul/kismet-zero/lang/evolution/soundchange.go:250.92,254.2 1 1
github.com/chris-pikul/kismet-zero/lang/evolution/test_utils.go:16.62,32.2 8 1
github.com/chris-pikul/kismet-zero/lang/evolution/test_utils.go:36.75,38.2 1 1
github.com/chris-pikul/kismet-zero/lang/evolution/test_utils.go:42.59,48.2 1 1
github.com/chris-pikul/kismet-zero/lang/evolution/test_utils.go:52.38,53.18 1 1
github.com/chris-pikul/kismet-zero/lang/evolution/test_utils.go:53.18,55.3 1 1
github.com/chris-pikul/kismet-zero/lang/evolution/test_utils.go:56.2,56.165 1 1
github.com/chris-pikul/kismet-zero/lang/evolution/test_utils.go:61.36,64.22 3 1
github.com/chris-pikul/kismet-zero/lang/evolution/test_utils.go:64.22,65.16 1 1
github.com/chris-pikul/kismet-zero/lang/evolution/test_utils.go:65.16,68.4 2 1
github.com/chris-pikul/kismet-zero/lang/evolution/test_utils.go:68.9,70.4 1 1
github.com/chris-pikul/kismet-zero/lang/evolution/test_utils.go:72.2,72.19 1 1
github.com/chris-pikul/kismet-zero/lang/evolution/test_utils.go:72.19,74.3 1 1
github.com/chris-pikul/kismet-zero/lang/evolution/test_utils.go:76.2,76.21 1 1
github.com/chris-pikul/kismet-zero/lang/evolution/test_utils.go:76.21,78.3 1 1
github.com/chris-pikul/kismet-zero/lang/evolution/test_utils.go:79.2,79.14 1 1
github.com/chris-pikul/kismet-zero/lang/evolution/test_utils.go:84.40,86.2 1 1
github.com/chris-pikul/kismet-zero/lang/evolution/types.go:39.38,40.28 1 1
github.com/chris-pikul/kismet-zero/lang/evolution/types.go:40.28,42.3 1 0
github.com/chris-pikul/kismet-zero/lang/evolution/types.go:43.2,43.27 1 1
github.com/chris-pikul/kismet-zero/lang/evolution/types.go:66.43,67.34 1 1
github.com/chris-pikul/kismet-zero/lang/evolution/types.go:67.34,69.3 1 0
github.com/chris-pikul/kismet-zero/lang/evolution/types.go:70.2,70.32 1 1
github.com/chris-pikul/kismet-zero/lang/evolution/types.go:267.57,285.2 1 1
github.com/chris-pikul/kismet-zero/lang/evolution/types.go:309.39,310.29 1 1
github.com/chris-pikul/kismet-zero/lang/evolution/types.go:310.29,312.3 1 0
github.com/chris-pikul/kismet-zero/lang/evolution/types.go:313.2,313.28 1 1
github.com/chris-pikul/kismet-zero/lang/evolution/utils.go:15.57,17.2 1 1
github.com/chris-pikul/kismet-zero/lang/evolution/utils.go:21.58,23.2 1 1
github.com/chris-pikul/kismet-zero/lang/evolution/utils.go:27.58,29.2 1 1
github.com/chris-pikul/kismet-zero/lang/evolution/utils.go:33.60,35.2 1 1
github.com/chris-pikul/kismet-zero/lang/evolution/utils.go:39.62,41.2 1 1
github.com/chris-pikul/kismet-zero/lang/evolution/utils.go:45.60,47.2 1 1
github.com/chris-pikul/kismet-zero/lang/evolution/utils.go:51.55,53.2 1 1
github.com/chris-pikul/kismet-zero/lang/evolution/utils.go:59.74,60.42 1 1
github.com/chris-pikul/kismet-zero/lang/evolution/utils.go:60.42,62.3 1 1
github.com/chris-pikul/kismet-zero/lang/evolution/utils.go:63.2,63.25 1 1
github.com/chris-pikul/kismet-zero/lang/evolution/utils.go:68.79,69.52 1 1
github.com/chris-pikul/kismet-zero/lang/evolution/utils.go:69.52,71.3 1 1
github.com/chris-pikul/kismet-zero/lang/evolution/utils.go:72.2,72.25 1 1
github.com/chris-pikul/kismet-zero/lang/evolution/utils.go:80.73,92.2 1 1
github.com/chris-pikul/kismet-zero/lang/evolution/utils.go:95.83,104.2 1 1
github.com/chris-pikul/kismet-zero/lang/evolution/utils.go:107.91,116.2 1 1
github.com/chris-pikul/kismet-zero/lang/evolution/utils.go:119.133,130.2 3 1
github.com/chris-pikul/kismet-zero/lang/evolution/utils.go:133.111,142.2 1 1
github.com/chris-pikul/kismet-zero/lang/evolution/writingtree.go:50.82,55.2 1 1
github.com/chris-pikul/kismet-zero/lang/evolution/writingtree.go:63.9,64.26 1 1
github.com/chris-pikul/kismet-zero/lang/evolution/writingtree.go:64.26,66.3 1 0
github.com/chris-pikul/kismet-zero/lang/evolution/writingtree.go:69.2,77.22 2 1
github.com/chris-pikul/kismet-zero/lang/evolution/writingtree.go:77.22,80.3 2 1
github.com/chris-pikul/kismet-zero/lang/evolution/writingtree.go:80.8,80.26 1 1
github.com/chris-pikul/kismet-zero/lang/evolution/writingtree.go:80.26,83.14 2 1
github.com/chris-pikul/kismet-zero/lang/evolution/writingtree.go:83.14,85.4 1 1
github.com/chris-pikul/kismet-zero/lang/evolution/writingtree.go:88.3,90.35 3 1
github.com/chris-pikul/kismet-zero/lang/evolution/writingtree.go:94.2,96.12 2 1
github.com/chris-pikul/kismet-zero/lang/evolution/writingtree.go:100.99,103.2 2 1
github.com/chris-pikul/kismet-zero/lang/evolution/writingtree.go:106.85,110.13 3 1
github.com/chris-pikul/kismet-zero/lang/evolution/writingtree.go:110.13,112.3 1 0
github.com/chris-pikul/kismet-zero/lang/evolution/writingtree.go:114.2,115.21 2 1
github.com/chris-pikul/kismet-zero/lang/evolution/writingtree.go:115.21,118.3 2 1
github.com/chris-pikul/kismet-zero/lang/evolution/writingtree.go:120.2,120.18 1 1
github.com/chris-pikul/kismet-zero/lang/evolution/writingtree.go:124.87,128.13 3 1
github.com/chris-pikul/kismet-zero/lang/evolution/writingtree.go:128.13,130.3 1 0
github.com/chris-pikul/kismet-zero/lang/evolution/writingtree.go:133.2,135.20 2 1
github.com/chris-pikul/kismet-zero/lang/evolution/writingtree.go:139.117,140.17 1 1
github.com/chris-pikul/kismet-zero/lang/evolution/writingtree.go:140.17,142.3 1 0
github.com/chris-pikul/kismet-zero/lang/evolution/writingtree.go:144.2,144.38 1 1
github.com/chris-pikul/kismet-zero/lang/evolution/writingtree.go:144.38,147.3 2 1
github.com/chris-pikul/kismet-zero/lang/evolution/writingtree.go:151.84,155.35 3 1
github.com/chris-pikul/kismet-zero/lang/evolution/writingtree.go:155.35,157.3 1 1
github.com/chris-pikul/kismet-zero/lang/evolution/writingtree.go:160.2,160.45 1 1
github.com/chris-pikul/kismet-zero/lang/evolution/writingtree.go:160.45,161.20 1 1
github.com/chris-pikul/kismet-zero/lang/evolution/writingtree.go:161.20,163.4 1 1
github.com/chris-pikul/kismet-zero/lang/evolution/writingtree.go:166.2,166.17 1 1
github.com/chris-pikul/kismet-zero/lang/evolution/writingtree.go:170.105,174.26 3 1
github.com/chris-pikul/kismet-zero/lang/evolution/writingtree.go:174.26,176.3 1 1
github.com/chris-pikul/kismet-zero/lang/evolution/writingtree.go:179.2,183.39 3 1
github.com/chris-pikul/kismet-zero/lang/evolution/writingtree.go:183.39,184.40 1 1
github.com/chris-pikul/kismet-zero/lang/evolution/writingtree.go:184.40,185.30 1 1
github.com/chris-pikul/kismet-zero/lang/evolution/writingtree.go:185.30,187.5 1 1
github.com/chris-pikul/kismet-zero/lang/evolution/writingtree.go:192.2,192.23 1 1
github.com/chris-pikul/kismet-zero/lang/evolution/writingtree.go:196.101,198.16 2 1
github.com/chris-pikul/kismet-zero/lang/evolution/writingtree.go:198.16,200.3 1 0
github.com/chris-pikul/kismet-zero/lang/evolution/writingtree.go:204.2,211.61 4 1
github.com/chris-pikul/kismet-zero/lang/evolution/writingtree.go:215.88,216.30 1 1
github.com/chris-pikul/kismet-zero/lang/evolution/writingtree.go:216.30,218.3 1 0
github.com/chris-pikul/kismet-zero/lang/evolution/writingtree.go:220.2,223.40 3 1
github.com/chris-pikul/kismet-zero/lang/evolution/writingtree.go:223.40,226.3 2 1
github.com/chris-pikul/kismet-zero/lang/evolution/writingtree.go:228.2,228.14 1 1
github.com/chris-pikul/kismet-zero/lang/evolution/writingtree.go:232.102,234.13 2 1
github.com/chris-pikul/kismet-zero/lang/evolution/writingtree.go:234.13,236.3 1 0
github.com/chris-pikul/kismet-zero/lang/evolution/writingtree.go:238.2,239.12 2 1
github.com/chris-pikul/kismet-zero/lang/evolution/writingtree.go:243.97,245.13 2 1
github.com/chris-pikul/kismet-zero/lang/evolution/writingtree.go:245.13,247.3 1 0
github.com/chris-pikul/kismet-zero/lang/evolution/writingtree.go:249.2,250.12 2 1
github.com/chris-pikul/kismet-zero/lang/evolution/writingtree.go:254.101,256.13 2 1
github.com/chris-pikul/kismet-zero/lang/evolution/writingtree.go:256.13,258.3 1 0
github.com/chris-pikul/kismet-zero/lang/evolution/writingtree.go:260.2,260.35 1 1
github.com/chris-pikul/kismet-zero/lang/evolution/writingtree.go:264.97,266.13 2 1
github.com/chris-pikul/kismet-zero/lang/evolution/writingtree.go:266.13,268.3 1 0
github.com/chris-pikul/kismet-zero/lang/evolution/writingtree.go:270.2,270.35 1 1
github.com/chris-pikul/kismet-zero/lang/evolution/writingtree.go:274.63,275.22 1 1
github.com/chris-pikul/kismet-zero/lang/evolution/writingtree.go:275.22,277.3 1 1
github.com/chris-pikul/kismet-zero/lang/evolution/writingtree.go:279.2,279.37 1 1
github.com/chris-pikul/kismet-zero/lang/evolution/writingtree.go:283.91,284.17 1 1
github.com/chris-pikul/kismet-zero/lang/evolution/writingtree.go:284.17,286.3 1 0
github.com/chris-pikul/kismet-zero/lang/evolution/writingtree.go:288.2,289.29 2 1
github.com/chris-pikul/kismet-zero/lang/evolution/writingtree.go:289.29,291.3 1 1
github.com/chris-pikul/kismet-zero/lang/evolution/writingtree.go:293.2,295.38 2 1
github.com/chris-pikul/kismet-zero/lang/evolution/writingtree.go:295.38,297.3 1 1
github.com/chris-pikul/kismet-zero/lang/evolution/writingtree.go:299.2,299.15 1 1
github.com/chris-pikul/kismet-zero/lang/evolution/writingtree.go:303.109,307.26 3 1
github.com/chris-pikul/kismet-zero/lang/evolution/writingtree.go:307.26,309.3 1 0
github.com/chris-pikul/kismet-zero/lang/evolution/writingtree.go:312.2,313.16 2 1
github.com/chris-pikul/kismet-zero/lang/evolution/writingtree.go:313.16,315.3 1 0
github.com/chris-pikul/kismet-zero/lang/evolution/writingtree.go:318.2,325.26 5 1
github.com/chris-pikul/kismet-zero/lang/evolution/writingtree.go:325.26,327.3 1 0
github.com/chris-pikul/kismet-zero/lang/evolution/writingtree.go:330.2,334.27 4 1
github.com/chris-pikul/kismet-zero/lang/evolution/writingtree.go:334.27,336.3 1 1
github.com/chris-pikul/kismet-zero/lang/evolution/writingtree.go:338.2,338.38 1 1
github.com/chris-pikul/kismet-zero/lang/evolution/writingtree.go:342.95,347.50 3 1
github.com/chris-pikul/kismet-zero/lang/evolution/writingtree.go:347.50,349.3 1 1
github.com/chris-pikul/kismet-zero/lang/evolution/writingtree.go:351.2,351.50 1 1
github.com/chris-pikul/kismet-zero/lang/evolution/writingtree.go:351.50,352.29 1 1
github.com/chris-pikul/kismet-zero/lang/evolution/writingtree.go:352.29,354.4 1 1
github.com/chris-pikul/kismet-zero/lang/evolution/writingtree.go:358.2,358.60 1 1
github.com/chris-pikul/kismet-zero/lang/evolution/writingtree.go:358.60,360.3 1 1
github.com/chris-pikul/kismet-zero/lang/evolution/writingtree.go:362.2,362.15 1 1
github.com/chris-pikul/kismet-zero/lang/evolution/writingtree.go:372.39,373.19 1 1
github.com/chris-pikul/kismet-zero/lang/evolution/writingtree.go:373.19,375.3 1 0
github.com/chris-pikul/kismet-zero/lang/evolution/writingtree.go:378.2,387.50 2 1
github.com/chris-pikul/kismet-zero/lang/evolution/writingtree.go:387.50,391.3 2 1
github.com/chris-pikul/kismet-zero/lang/evolution/writingtree.go:394.2,398.16 3 1
github.com/chris-pikul/kismet-zero/lang/evolution/writingtree.go:398.16,400.3 1 0
github.com/chris-pikul/kismet-zero/lang/evolution/writingtree.go:403.2,403.22 1 1
github.com/chris-pikul/kismet-zero/lang/evolution/writingtree.go:403.22,404.34 1 0
github.com/chris-pikul/kismet-zero/lang/evolution/writingtree.go:404.34,406.18 2 0
github.com/chris-pikul/kismet-zero/lang/evolution/writingtree.go:406.18,408.5 1 0
github.com/chris-pikul/kismet-zero/lang/evolution/writingtree.go:412.2,412.32 1 1
github.com/chris-pikul/kismet-zero/lang/evolution/writingtree.go:420.24,427.35 3 1
github.com/chris-pikul/kismet-zero/lang/evolution/writingtree.go:427.35,429.3 1 1
github.com/chris-pikul/kismet-zero/lang/evolution/writingtree.go:432.2,432.28 1 1
github.com/chris-pikul/kismet-zero/lang/evolution/writingtree.go:432.28,434.25 1 0
github.com/chris-pikul/kismet-zero/lang/evolution/writingtree.go:435.12,436.25 1 0
github.com/chris-pikul/kismet-zero/lang/evolution/writingtree.go:437.12,438.25 1 0
github.com/chris-pikul/kismet-zero/lang/evolution/writingtree.go:439.12,440.25 1 0
github.com/chris-pikul/kismet-zero/lang/evolution/writingtree.go:441.12,442.25 1 0
github.com/chris-pikul/kismet-zero/lang/evolution/writingtree.go:443.12,444.25 1 0
github.com/chris-pikul/kismet-zero/lang/evolution/writingtree.go:449.2,449.28 1 1
github.com/chris-pikul/kismet-zero/lang/evolution/writingtree.go:449.28,452.27 3 0
github.com/chris-pikul/kismet-zero/lang/evolution/writingtree.go:452.27,454.4 1 0
github.com/chris-pikul/kismet-zero/lang/evolution/writingtree.go:455.3,455.27 1 0
github.com/chris-pikul/kismet-zero/lang/evolution/writingtree.go:455.27,457.4 1 0
github.com/chris-pikul/kismet-zero/lang/evolution/writingtree.go:460.2,460.16 1 1
github.com/chris-pikul/kismet-zero/lang/evolution/writingtree.go:464.67,466.2 1 1
github.com/chris-pikul/kismet-zero/lang/evolution/writingtree.go:469.66,471.2 1 1
github.com/chris-pikul/kismet-zero/lang/evolution/writingtree.go:474.71,476.31 2 1
github.com/chris-pikul/kismet-zero/lang/evolution/writingtree.go:476.31,478.3 1 1
github.com/chris-pikul/kismet-zero/lang/evolution/writingtree.go:479.2,479.14 1 1
